<?xml version="1.0" encoding="UTF-8" ?>
<testsuite failures="0" time="8.447" errors="0" skipped="0" tests="23" name="TestSuite">
  <properties>
    <property name="java.runtime.name" value="OpenJDK Runtime Environment"/>
    <property name="sun.boot.library.path" value="/usr/lib/jvm/java-7-openjdk-amd64/jre/lib/amd64"/>
    <property name="java.vm.version" value="24.65-b04"/>
    <property name="java.vm.vendor" value="Oracle Corporation"/>
    <property name="java.vendor.url" value="http://java.oracle.com/"/>
    <property name="path.separator" value=":"/>
    <property name="java.vm.name" value="OpenJDK 64-Bit Server VM"/>
    <property name="file.encoding.pkg" value="sun.io"/>
    <property name="user.country" value="US"/>
    <property name="sun.java.launcher" value="SUN_STANDARD"/>
    <property name="sun.os.patch.level" value="unknown"/>
    <property name="java.vm.specification.name" value="Java Virtual Machine Specification"/>
    <property name="user.dir" value="/home/dcowden/NetBeansProjects/sqlgoat"/>
    <property name="java.runtime.version" value="1.7.0_65-b32"/>
    <property name="java.awt.graphicsenv" value="sun.awt.X11GraphicsEnvironment"/>
    <property name="basedir" value="/home/dcowden/NetBeansProjects/sqlgoat"/>
    <property name="java.endorsed.dirs" value="/usr/lib/jvm/java-7-openjdk-amd64/jre/lib/endorsed"/>
    <property name="os.arch" value="amd64"/>
    <property name="java.io.tmpdir" value="/tmp"/>
    <property name="line.separator" value="
"/>
    <property name="java.vm.specification.vendor" value="Oracle Corporation"/>
    <property name="os.name" value="Linux"/>
    <property name="sun.jnu.encoding" value="UTF-8"/>
    <property name="java.library.path" value="/usr/java/packages/lib/amd64:/usr/lib/x86_64-linux-gnu/jni:/lib/x86_64-linux-gnu:/usr/lib/x86_64-linux-gnu:/usr/lib/jni:/lib:/usr/lib"/>
    <property name="surefire.test.class.path" value="/home/dcowden/NetBeansProjects/sqlgoat/target/test-classes:/home/dcowden/NetBeansProjects/sqlgoat/target/classes:/home/dcowden/.m2/repository/org/flywaydb/flyway-core/3.0/flyway-core-3.0.jar:/home/dcowden/.m2/repository/org/hsqldb/hsqldb/2.3.2/hsqldb-2.3.2.jar:/home/dcowden/.m2/repository/org/testng/testng/6.8.1/testng-6.8.1.jar:/home/dcowden/.m2/repository/junit/junit/4.10/junit-4.10.jar:/home/dcowden/.m2/repository/org/hamcrest/hamcrest-core/1.1/hamcrest-core-1.1.jar:/home/dcowden/.m2/repository/org/beanshell/bsh/2.0b4/bsh-2.0b4.jar:/home/dcowden/.m2/repository/com/beust/jcommander/1.27/jcommander-1.27.jar:/home/dcowden/.m2/repository/org/yaml/snakeyaml/1.6/snakeyaml-1.6.jar:/home/dcowden/.m2/repository/commons-dbutils/commons-dbutils/1.6/commons-dbutils-1.6.jar:/home/dcowden/.m2/repository/org/eclipse/jetty/test-jetty-servlet/8.1.15.v20140411/test-jetty-servlet-8.1.15.v20140411.jar:/home/dcowden/.m2/repository/org/eclipse/jetty/jetty-webapp/8.1.15.v20140411/jetty-webapp-8.1.15.v20140411.jar:/home/dcowden/.m2/repository/org/eclipse/jetty/jetty-xml/8.1.15.v20140411/jetty-xml-8.1.15.v20140411.jar:/home/dcowden/.m2/repository/org/eclipse/jetty/jetty-util/8.1.15.v20140411/jetty-util-8.1.15.v20140411.jar:/home/dcowden/.m2/repository/org/eclipse/jetty/jetty-servlet/8.1.15.v20140411/jetty-servlet-8.1.15.v20140411.jar:/home/dcowden/.m2/repository/org/eclipse/jetty/jetty-security/8.1.15.v20140411/jetty-security-8.1.15.v20140411.jar:/home/dcowden/.m2/repository/org/eclipse/jetty/jetty-server/8.1.15.v20140411/jetty-server-8.1.15.v20140411.jar:/home/dcowden/.m2/repository/org/eclipse/jetty/orbit/javax.servlet/3.0.0.v201112011016/javax.servlet-3.0.0.v201112011016.jar:/home/dcowden/.m2/repository/org/eclipse/jetty/jetty-continuation/8.1.15.v20140411/jetty-continuation-8.1.15.v20140411.jar:/home/dcowden/.m2/repository/org/eclipse/jetty/jetty-http/8.1.15.v20140411/jetty-http-8.1.15.v20140411.jar:/home/dcowden/.m2/repository/org/eclipse/jetty/jetty-io/8.1.15.v20140411/jetty-io-8.1.15.v20140411.jar:/home/dcowden/.m2/repository/org/owasp/esapi/esapi/2.1.0/esapi-2.1.0.jar:/home/dcowden/.m2/repository/commons-configuration/commons-configuration/1.5/commons-configuration-1.5.jar:/home/dcowden/.m2/repository/commons-lang/commons-lang/2.3/commons-lang-2.3.jar:/home/dcowden/.m2/repository/commons-logging/commons-logging/1.1/commons-logging-1.1.jar:/home/dcowden/.m2/repository/logkit/logkit/1.0.1/logkit-1.0.1.jar:/home/dcowden/.m2/repository/avalon-framework/avalon-framework/4.1.3/avalon-framework-4.1.3.jar:/home/dcowden/.m2/repository/javax/servlet/servlet-api/2.3/servlet-api-2.3.jar:/home/dcowden/.m2/repository/commons-digester/commons-digester/1.8/commons-digester-1.8.jar:/home/dcowden/.m2/repository/commons-beanutils/commons-beanutils/1.7.0/commons-beanutils-1.7.0.jar:/home/dcowden/.m2/repository/commons-beanutils/commons-beanutils-core/1.7.0/commons-beanutils-core-1.7.0.jar:/home/dcowden/.m2/repository/commons-fileupload/commons-fileupload/1.2/commons-fileupload-1.2.jar:/home/dcowden/.m2/repository/commons-collections/commons-collections/3.2/commons-collections-3.2.jar:/home/dcowden/.m2/repository/log4j/log4j/1.2.16/log4j-1.2.16.jar:/home/dcowden/.m2/repository/xom/xom/1.2.5/xom-1.2.5.jar:/home/dcowden/.m2/repository/xml-apis/xml-apis/1.3.03/xml-apis-1.3.03.jar:/home/dcowden/.m2/repository/xerces/xercesImpl/2.8.0/xercesImpl-2.8.0.jar:/home/dcowden/.m2/repository/xalan/xalan/2.7.0/xalan-2.7.0.jar:/home/dcowden/.m2/repository/org/beanshell/bsh-core/2.0b4/bsh-core-2.0b4.jar:/home/dcowden/.m2/repository/org/owasp/antisamy/antisamy/1.4.3/antisamy-1.4.3.jar:/home/dcowden/.m2/repository/org/apache/xmlgraphics/batik-css/1.7/batik-css-1.7.jar:/home/dcowden/.m2/repository/org/apache/xmlgraphics/batik-ext/1.7/batik-ext-1.7.jar:/home/dcowden/.m2/repository/org/apache/xmlgraphics/batik-util/1.7/batik-util-1.7.jar:/home/dcowden/.m2/repository/xml-apis/xml-apis-ext/1.3.04/xml-apis-ext-1.3.04.jar:/home/dcowden/.m2/repository/net/sourceforge/nekohtml/nekohtml/1.9.12/nekohtml-1.9.12.jar:/home/dcowden/.m2/repository/commons-httpclient/commons-httpclient/3.1/commons-httpclient-3.1.jar:/home/dcowden/.m2/repository/commons-codec/commons-codec/1.2/commons-codec-1.2.jar:/home/dcowden/.m2/repository/org/jsoup/jsoup/1.7.3/jsoup-1.7.3.jar:/home/dcowden/.m2/repository/com/mikesamuel/json-sanitizer/1.0/json-sanitizer-1.0.jar:/home/dcowden/.m2/repository/com/google/code/findbugs/jsr305/3.0.0/jsr305-3.0.0.jar:/home/dcowden/.m2/repository/javax/javaee-web-api/7.0/javaee-web-api-7.0.jar:/home/dcowden/.m2/repository/javax/servlet/jstl/1.2/jstl-1.2.jar:/home/dcowden/.m2/repository/org/jboss/byteman/byteman/2.2.0.1/byteman-2.2.0.1.jar:/home/dcowden/.m2/repository/org/jboss/byteman/byteman-submit/2.2.0.1/byteman-submit-2.2.0.1.jar:/home/dcowden/.m2/repository/org/jboss/byteman/byteman-install/2.2.0.1/byteman-install-2.2.0.1.jar:/home/dcowden/.m2/repository/org/jboss/byteman/byteman-bmunit/2.2.0.1/byteman-bmunit-2.2.0.1.jar:/usr/lib/jvm/java-7-openjdk-amd64/jre/../lib/tools.jar:"/>
    <property name="java.specification.name" value="Java Platform API Specification"/>
    <property name="java.class.version" value="51.0"/>
    <property name="sun.management.compiler" value="HotSpot 64-Bit Tiered Compilers"/>
    <property name="os.version" value="3.13.0-34-generic"/>
    <property name="user.home" value="/home/dcowden"/>
    <property name="user.timezone" value="America/New_York"/>
    <property name="java.awt.printerjob" value="sun.print.PSPrinterJob"/>
    <property name="file.encoding" value="UTF-8"/>
    <property name="java.specification.version" value="1.7"/>
    <property name="user.name" value="dcowden"/>
    <property name="java.class.path" value="/home/dcowden/.m2/repository/org/apache/maven/surefire/surefire-booter/2.4.3/surefire-booter-2.4.3.jar:/home/dcowden/.m2/repository/org/apache/maven/surefire/surefire-api/2.4.3/surefire-api-2.4.3.jar:/home/dcowden/.m2/repository/org/testng/testng/6.8.1/testng-6.8.1.jar:/home/dcowden/.m2/repository/junit/junit/4.10/junit-4.10.jar:/home/dcowden/.m2/repository/org/hamcrest/hamcrest-core/1.1/hamcrest-core-1.1.jar:/home/dcowden/.m2/repository/org/beanshell/bsh/2.0b4/bsh-2.0b4.jar:/home/dcowden/.m2/repository/com/beust/jcommander/1.27/jcommander-1.27.jar:/home/dcowden/.m2/repository/org/yaml/snakeyaml/1.6/snakeyaml-1.6.jar:/home/dcowden/NetBeansProjects/sqlgoat/target/test-classes:/home/dcowden/NetBeansProjects/sqlgoat/target/classes:/home/dcowden/.m2/repository/org/flywaydb/flyway-core/3.0/flyway-core-3.0.jar:/home/dcowden/.m2/repository/org/hsqldb/hsqldb/2.3.2/hsqldb-2.3.2.jar:/home/dcowden/.m2/repository/org/testng/testng/6.8.1/testng-6.8.1.jar:/home/dcowden/.m2/repository/junit/junit/4.10/junit-4.10.jar:/home/dcowden/.m2/repository/org/hamcrest/hamcrest-core/1.1/hamcrest-core-1.1.jar:/home/dcowden/.m2/repository/org/beanshell/bsh/2.0b4/bsh-2.0b4.jar:/home/dcowden/.m2/repository/com/beust/jcommander/1.27/jcommander-1.27.jar:/home/dcowden/.m2/repository/org/yaml/snakeyaml/1.6/snakeyaml-1.6.jar:/home/dcowden/.m2/repository/commons-dbutils/commons-dbutils/1.6/commons-dbutils-1.6.jar:/home/dcowden/.m2/repository/org/eclipse/jetty/test-jetty-servlet/8.1.15.v20140411/test-jetty-servlet-8.1.15.v20140411.jar:/home/dcowden/.m2/repository/org/eclipse/jetty/jetty-webapp/8.1.15.v20140411/jetty-webapp-8.1.15.v20140411.jar:/home/dcowden/.m2/repository/org/eclipse/jetty/jetty-xml/8.1.15.v20140411/jetty-xml-8.1.15.v20140411.jar:/home/dcowden/.m2/repository/org/eclipse/jetty/jetty-util/8.1.15.v20140411/jetty-util-8.1.15.v20140411.jar:/home/dcowden/.m2/repository/org/eclipse/jetty/jetty-servlet/8.1.15.v20140411/jetty-servlet-8.1.15.v20140411.jar:/home/dcowden/.m2/repository/org/eclipse/jetty/jetty-security/8.1.15.v20140411/jetty-security-8.1.15.v20140411.jar:/home/dcowden/.m2/repository/org/eclipse/jetty/jetty-server/8.1.15.v20140411/jetty-server-8.1.15.v20140411.jar:/home/dcowden/.m2/repository/org/eclipse/jetty/orbit/javax.servlet/3.0.0.v201112011016/javax.servlet-3.0.0.v201112011016.jar:/home/dcowden/.m2/repository/org/eclipse/jetty/jetty-continuation/8.1.15.v20140411/jetty-continuation-8.1.15.v20140411.jar:/home/dcowden/.m2/repository/org/eclipse/jetty/jetty-http/8.1.15.v20140411/jetty-http-8.1.15.v20140411.jar:/home/dcowden/.m2/repository/org/eclipse/jetty/jetty-io/8.1.15.v20140411/jetty-io-8.1.15.v20140411.jar:/home/dcowden/.m2/repository/org/owasp/esapi/esapi/2.1.0/esapi-2.1.0.jar:/home/dcowden/.m2/repository/commons-configuration/commons-configuration/1.5/commons-configuration-1.5.jar:/home/dcowden/.m2/repository/commons-lang/commons-lang/2.3/commons-lang-2.3.jar:/home/dcowden/.m2/repository/commons-logging/commons-logging/1.1/commons-logging-1.1.jar:/home/dcowden/.m2/repository/logkit/logkit/1.0.1/logkit-1.0.1.jar:/home/dcowden/.m2/repository/avalon-framework/avalon-framework/4.1.3/avalon-framework-4.1.3.jar:/home/dcowden/.m2/repository/javax/servlet/servlet-api/2.3/servlet-api-2.3.jar:/home/dcowden/.m2/repository/commons-digester/commons-digester/1.8/commons-digester-1.8.jar:/home/dcowden/.m2/repository/commons-beanutils/commons-beanutils/1.7.0/commons-beanutils-1.7.0.jar:/home/dcowden/.m2/repository/commons-beanutils/commons-beanutils-core/1.7.0/commons-beanutils-core-1.7.0.jar:/home/dcowden/.m2/repository/commons-fileupload/commons-fileupload/1.2/commons-fileupload-1.2.jar:/home/dcowden/.m2/repository/commons-collections/commons-collections/3.2/commons-collections-3.2.jar:/home/dcowden/.m2/repository/log4j/log4j/1.2.16/log4j-1.2.16.jar:/home/dcowden/.m2/repository/xom/xom/1.2.5/xom-1.2.5.jar:/home/dcowden/.m2/repository/xml-apis/xml-apis/1.3.03/xml-apis-1.3.03.jar:/home/dcowden/.m2/repository/xerces/xercesImpl/2.8.0/xercesImpl-2.8.0.jar:/home/dcowden/.m2/repository/xalan/xalan/2.7.0/xalan-2.7.0.jar:/home/dcowden/.m2/repository/org/beanshell/bsh-core/2.0b4/bsh-core-2.0b4.jar:/home/dcowden/.m2/repository/org/owasp/antisamy/antisamy/1.4.3/antisamy-1.4.3.jar:/home/dcowden/.m2/repository/org/apache/xmlgraphics/batik-css/1.7/batik-css-1.7.jar:/home/dcowden/.m2/repository/org/apache/xmlgraphics/batik-ext/1.7/batik-ext-1.7.jar:/home/dcowden/.m2/repository/org/apache/xmlgraphics/batik-util/1.7/batik-util-1.7.jar:/home/dcowden/.m2/repository/xml-apis/xml-apis-ext/1.3.04/xml-apis-ext-1.3.04.jar:/home/dcowden/.m2/repository/net/sourceforge/nekohtml/nekohtml/1.9.12/nekohtml-1.9.12.jar:/home/dcowden/.m2/repository/commons-httpclient/commons-httpclient/3.1/commons-httpclient-3.1.jar:/home/dcowden/.m2/repository/commons-codec/commons-codec/1.2/commons-codec-1.2.jar:/home/dcowden/.m2/repository/org/jsoup/jsoup/1.7.3/jsoup-1.7.3.jar:/home/dcowden/.m2/repository/com/mikesamuel/json-sanitizer/1.0/json-sanitizer-1.0.jar:/home/dcowden/.m2/repository/com/google/code/findbugs/jsr305/3.0.0/jsr305-3.0.0.jar:/home/dcowden/.m2/repository/javax/javaee-web-api/7.0/javaee-web-api-7.0.jar:/home/dcowden/.m2/repository/javax/servlet/jstl/1.2/jstl-1.2.jar:/home/dcowden/.m2/repository/org/jboss/byteman/byteman/2.2.0.1/byteman-2.2.0.1.jar:/home/dcowden/.m2/repository/org/jboss/byteman/byteman-submit/2.2.0.1/byteman-submit-2.2.0.1.jar:/home/dcowden/.m2/repository/org/jboss/byteman/byteman-install/2.2.0.1/byteman-install-2.2.0.1.jar:/home/dcowden/.m2/repository/org/jboss/byteman/byteman-bmunit/2.2.0.1/byteman-bmunit-2.2.0.1.jar:/usr/lib/jvm/java-7-openjdk-amd64/jre/../lib/tools.jar"/>
    <property name="java.vm.specification.version" value="1.7"/>
    <property name="sun.arch.data.model" value="64"/>
    <property name="java.home" value="/usr/lib/jvm/java-7-openjdk-amd64/jre"/>
    <property name="sun.java.command" value="org.apache.maven.surefire.booter.SurefireBooter /tmp/surefire1818859047721295201tmp /tmp/surefire5012264837259489069tmp"/>
    <property name="java.specification.vendor" value="Oracle Corporation"/>
    <property name="user.language" value="en"/>
    <property name="org.jboss.byteman.home" value=""/>
    <property name="awt.toolkit" value="sun.awt.X11.XToolkit"/>
    <property name="java.vm.info" value="mixed mode"/>
    <property name="java.version" value="1.7.0_65"/>
    <property name="java.ext.dirs" value="/usr/lib/jvm/java-7-openjdk-amd64/jre/lib/ext:/usr/java/packages/lib/ext"/>
    <property name="sun.boot.class.path" value="/usr/lib/jvm/java-7-openjdk-amd64/jre/lib/resources.jar:/usr/lib/jvm/java-7-openjdk-amd64/jre/lib/rt.jar:/usr/lib/jvm/java-7-openjdk-amd64/jre/lib/sunrsasign.jar:/usr/lib/jvm/java-7-openjdk-amd64/jre/lib/jsse.jar:/usr/lib/jvm/java-7-openjdk-amd64/jre/lib/jce.jar:/usr/lib/jvm/java-7-openjdk-amd64/jre/lib/charsets.jar:/usr/lib/jvm/java-7-openjdk-amd64/jre/lib/rhino.jar:/usr/lib/jvm/java-7-openjdk-amd64/jre/lib/jfr.jar:/usr/lib/jvm/java-7-openjdk-amd64/jre/classes"/>
    <property name="java.vendor" value="Oracle Corporation"/>
    <property name="org.jboss.byteman.allow.config.update" value="true"/>
    <property name="localRepository" value="/home/dcowden/.m2/repository"/>
    <property name="file.separator" value="/"/>
    <property name="java.vendor.url.bug" value="http://bugreport.sun.com/bugreport/"/>
    <property name="sun.cpu.endian" value="little"/>
    <property name="sun.io.unicode.encoding" value="UnicodeLittle"/>
    <property name="sun.cpu.isalist" value=""/>
  </properties>
  <testcase time="0.046" classname="com.triage.sqlgoat.tests.NormalExecutionTest" name="testBasicBad"/>
  <testcase time="0" classname="com.triage.sqlgoat.tests.NormalExecutionTest" name="testSetup"/>
  <testcase time="0.857" classname="com.triage.sqlgoat.tests.SimpleSqlInjectionTest" name="testBadDynamicSql"/>
  <testcase time="0.353" classname="com.triage.sqlgoat.tests.SimpleSqlInjectionTest" name="testBadPreparedStatements"/>
  <testcase time="0.463" classname="com.triage.sqlgoat.tests.SimpleSqlInjectionTest" name="testNormalDynamicSqlInvalid"/>
  <testcase time="0.327" classname="com.triage.sqlgoat.tests.SimpleSqlInjectionTest" name="testNormalDynamicSqlValid"/>
  <testcase time="0.267" classname="com.triage.sqlgoat.tests.SimpleSqlInjectionTest" name="testNormalPreparedStatements"/>
  <testcase time="0.001" classname="com.triage.sqlgoat.tests.TestBasicSelectors" name="testBasicDynamicWithInjection"/>
  <testcase time="0.001" classname="com.triage.sqlgoat.tests.TestBasicSelectors" name="testBasicDynamicWithOutInjection"/>
  <testcase time="0.011" classname="com.triage.sqlgoat.tests.TestBasicSelectors" name="testBasicPreparedWithInjection"/>
  <testcase time="0.001" classname="com.triage.sqlgoat.tests.TestBasicSelectors" name="testBasicPreparedWithOutInjection"/>
  <testcase time="0.093" classname="com.triage.sqlgoat.tests.TestBytemanScaffold" name="testBytemanRuleFromFile"/>
  <testcase time="0.081" classname="com.triage.sqlgoat.tests.TestBytemanScaffold" name="testBytemanRuleFromFileWithHelper"/>
  <testcase time="0.081" classname="com.triage.sqlgoat.tests.TestBytemanScaffold" name="testInlineBytemanRule"/>
  <testcase time="0.01" classname="com.triage.sqlgoat.tests.TestBytemanScaffold" name="testNoMods"/>
  <testcase time="0.554" classname="com.triage.sqlgoat.tests.TestCleaningStrategies" name="testHtmlXssClean"/>
  <testcase time="0.023" classname="com.triage.sqlgoat.tests.TestCleaningStrategies" name="testJsonBadClean"/>
  <testcase time="0.001" classname="com.triage.sqlgoat.tests.TestCleaningStrategies" name="testJsonClean"/>
  <testcase time="0.235" classname="com.triage.sqlgoat.tests.TestServletXss" name="testBasicInjection"/>
  <testcase time="0.003" classname="com.triage.sqlgoat.tests.TestServletXss" name="testNoInjection"/>
  <testcase time="0.308" classname="com.triage.sqlgoat.tests.TestServletXss" name="testXssProtection"/>
  <testcase time="0.005" classname="com.triage.learning.tests.TestVariableOverriding" name="testNoOverride"/>
  <testcase time="0.03" classname="com.triage.learning.tests.TestVariableOverriding" name="testOverride"/>
</testsuite>