<?xml version="1.0" encoding="UTF-8"?>
<!-- Generated by org.testng.reporters.JUnitReportReporter -->
<testsuite hostname="javadev" name="com.triage.sqlgoat.tests.TestCleaningStrategies" tests="3" failures="0" timestamp="27 Sep 2014 21:21:02 GMT" time="0.567" errors="0">
  <testcase name="testJsonClean" time="0.001" classname="com.triage.sqlgoat.tests.TestCleaningStrategies"/>
  <testcase name="testHtmlXssClean" time="0.554" classname="com.triage.sqlgoat.tests.TestCleaningStrategies"/>
  <testcase name="testJsonBadClean" time="0.012" classname="com.triage.sqlgoat.tests.TestCleaningStrategies"/>
</testsuite> <!-- com.triage.sqlgoat.tests.TestCleaningStrategies -->
