<?xml version="1.0" encoding="UTF-8"?>
<!-- Generated by org.testng.reporters.JUnitReportReporter -->
<testsuite hostname="javadev" name="com.triage.sqlgoat.tests.TestBasicSelectors" tests="4" failures="0" timestamp="27 Sep 2014 21:21:02 GMT" time="0.429" errors="0">
  <testcase name="testBasicPreparedWithInjection" time="0.123" classname="com.triage.sqlgoat.tests.TestBasicSelectors"/>
  <testcase name="testBasicDynamicWithOutInjection" time="0.092" classname="com.triage.sqlgoat.tests.TestBasicSelectors"/>
  <testcase name="testBasicPreparedWithOutInjection" time="0.118" classname="com.triage.sqlgoat.tests.TestBasicSelectors"/>
  <testcase name="testBasicDynamicWithInjection" time="0.096" classname="com.triage.sqlgoat.tests.TestBasicSelectors"/>
</testsuite> <!-- com.triage.sqlgoat.tests.TestBasicSelectors -->
