<?xml version="1.0" encoding="UTF-8"?>
<!-- Generated by org.testng.reporters.JUnitReportReporter -->
<testsuite hostname="javadev" name="com.triage.sqlgoat.tests.SimpleSqlInjectionTest" tests="5" failures="0" timestamp="27 Sep 2014 21:21:02 GMT" time="2.838" errors="0">
  <testcase name="testNormalDynamicSqlValid" time="0.462" classname="com.triage.sqlgoat.tests.SimpleSqlInjectionTest"/>
  <testcase name="testNormalPreparedStatements" time="0.513" classname="com.triage.sqlgoat.tests.SimpleSqlInjectionTest"/>
  <testcase name="testNormalDynamicSqlInvalid" time="0.504" classname="com.triage.sqlgoat.tests.SimpleSqlInjectionTest"/>
  <testcase name="testBadPreparedStatements" time="0.453" classname="com.triage.sqlgoat.tests.SimpleSqlInjectionTest"/>
  <testcase name="testBadDynamicSql" time="0.906" classname="com.triage.sqlgoat.tests.SimpleSqlInjectionTest"/>
</testsuite> <!-- com.triage.sqlgoat.tests.SimpleSqlInjectionTest -->
