<?xml version="1.0" encoding="UTF-8"?>
<!-- Generated by org.testng.reporters.JUnitReportReporter -->
<testsuite hostname="javadev" name="com.triage.learning.tests.TestVariableOverriding" tests="2" failures="0" timestamp="27 Sep 2014 21:21:02 GMT" time="0.026" errors="0">
  <testcase name="testNoOverride" time="0.006" classname="com.triage.learning.tests.TestVariableOverriding"/>
  <testcase name="testOverride" time="0.020" classname="com.triage.learning.tests.TestVariableOverriding"/>
</testsuite> <!-- com.triage.learning.tests.TestVariableOverriding -->
