<?xml version="1.0" encoding="UTF-8"?>
<!-- Generated by org.testng.reporters.JUnitReportReporter -->
<testsuite hostname="javadev" name="com.triage.sqlgoat.tests.TestBytemanScaffold" tests="4" failures="0" timestamp="27 Sep 2014 21:21:02 GMT" time="0.234" errors="0">
  <testcase name="testInlineBytemanRule" time="0.067" classname="com.triage.sqlgoat.tests.TestBytemanScaffold"/>
  <testcase name="testNoMods" time="0.011" classname="com.triage.sqlgoat.tests.TestBytemanScaffold"/>
  <testcase name="testBytemanRuleFromFileWithHelper" time="0.076" classname="com.triage.sqlgoat.tests.TestBytemanScaffold"/>
  <testcase name="testBytemanRuleFromFile" time="0.080" classname="com.triage.sqlgoat.tests.TestBytemanScaffold"/>
</testsuite> <!-- com.triage.sqlgoat.tests.TestBytemanScaffold -->
