<?xml version="1.0" encoding="UTF-8"?>
<!-- Generated by org.testng.reporters.JUnitReportReporter -->
<testsuite hostname="javadev" name="com.triage.sqlgoat.tests.TestServletXss" tests="3" failures="0" timestamp="27 Sep 2014 21:21:02 GMT" time="1.791" errors="0">
  <testcase name="testXssProtection" time="0.372" classname="com.triage.sqlgoat.tests.TestServletXss"/>
  <testcase name="testBasicInjection" time="0.315" classname="com.triage.sqlgoat.tests.TestServletXss"/>
  <testcase name="testNoInjection" time="1.104" classname="com.triage.sqlgoat.tests.TestServletXss"/>
</testsuite> <!-- com.triage.sqlgoat.tests.TestServletXss -->
