<?xml version="1.0" encoding="UTF-8"?>
<!-- Generated by org.testng.reporters.JUnitReportReporter -->
<testsuite hostname="javadev" name="com.triage.sqlgoat.tests.NormalExecutionTest" tests="2" failures="0" timestamp="27 Sep 2014 21:21:02 GMT" time="1.084" errors="0">
  <testcase name="testBasicBad" time="1.028" classname="com.triage.sqlgoat.tests.NormalExecutionTest"/>
  <testcase name="testSetup" time="0.056" classname="com.triage.sqlgoat.tests.NormalExecutionTest"/>
</testsuite> <!-- com.triage.sqlgoat.tests.NormalExecutionTest -->
